<?xml version="1.0" encoding="UTF-8"?>
<!-- Generated by org.testng.reporters.JUnitXMLReporter -->
<testsuite hostname="IN5CG5130FLJ" ignored="0" name="Different TestNg Feature Name" tests="10" failures="0" timestamp="2019-09-27T17:33:09 IST" time="55.462" errors="0">
  <testcase name="googleTitleTest" time="0.033" classname="com.test.AssertionValidation"/>
  <testcase name="testGoogleLogo" time="0.155" classname="com.test.AssertionValidation"/>
  <testcase name="testGoogleLogo" time="0.086" classname="com.test.GoogleTest"/>
  <testcase name="googleTitleTest" time="0.021" classname="com.test.GoogleTest"/>
  <testcase name="test2" time="0.002" classname="com.test.GoogleTest"/>
  <testcase name="test1" time="0.003" classname="com.test.GoogleTest"/>
  <testcase name="test3" time="0.002" classname="com.test.GoogleTest"/>
  <testcase name="googleTitletest" time="0.003" classname="com.test.TestNgBasic"/>
  <testcase name="googlelogotest" time="0.005" classname="com.test.TestNgBasic"/>
  <testcase name="searchtestcase" time="0.002" classname="com.test.TestNgBasic"/>
</testsuite> <!-- Different TestNg Feature Name -->
