<?xml version="1.0" encoding="UTF-8"?>
<testng-results skipped="0" failed="0" ignored="0" total="10" passed="10">
  <reporter-output>
  </reporter-output>
  <suite name="TestNg Automation Suite" duration-ms="55462" started-at="2019-09-27T17:32:13 IST" finished-at="2019-09-27T17:33:08 IST">
    <groups>
      <group name="Test">
        <method signature="GoogleTest.test1()[pri:4, instance:com.test.GoogleTest@4b4523f8]" name="test1" class="com.test.GoogleTest"/>
        <method signature="GoogleTest.test2()[pri:3, instance:com.test.GoogleTest@4b4523f8]" name="test2" class="com.test.GoogleTest"/>
        <method signature="GoogleTest.test3()[pri:5, instance:com.test.GoogleTest@4b4523f8]" name="test3" class="com.test.GoogleTest"/>
      </group> <!-- Test -->
      <group name="Title">
        <method signature="GoogleTest.googleTitleTest()[pri:2, instance:com.test.GoogleTest@4b4523f8]" name="googleTitleTest" class="com.test.GoogleTest"/>
      </group> <!-- Title -->
      <group name="Logo">
        <method signature="AssertionValidation.testGoogleLogo()[pri:1, instance:com.test.AssertionValidation@5a8e6209]" name="testGoogleLogo" class="com.test.AssertionValidation"/>
        <method signature="GoogleTest.testGoogleLogo()[pri:1, instance:com.test.GoogleTest@4b4523f8]" name="testGoogleLogo" class="com.test.GoogleTest"/>
      </group> <!-- Logo -->
    </groups>
    <test name="Different TestNg Feature Name" duration-ms="55462" started-at="2019-09-27T17:32:13 IST" finished-at="2019-09-27T17:33:08 IST">
      <class name="com.test.AssertionValidation">
        <test-method status="PASS" signature="setUp()[pri:0, instance:com.test.AssertionValidation@5a8e6209]" name="setUp" is-config="true" duration-ms="8287" started-at="2019-09-27T17:32:13 IST" finished-at="2019-09-27T17:32:21 IST">
          <reporter-output>
          </reporter-output>
        </test-method> <!-- setUp -->
        <test-method status="PASS" signature="googleTitleTest()[pri:0, instance:com.test.AssertionValidation@5a8e6209]" name="googleTitleTest" duration-ms="33" started-at="2019-09-27T17:32:21 IST" finished-at="2019-09-27T17:32:21 IST">
          <reporter-output>
          </reporter-output>
        </test-method> <!-- googleTitleTest -->
        <test-method status="PASS" signature="closebrowser()[pri:0, instance:com.test.AssertionValidation@5a8e6209]" name="closebrowser" is-config="true" duration-ms="572" started-at="2019-09-27T17:32:21 IST" finished-at="2019-09-27T17:32:22 IST">
          <reporter-output>
          </reporter-output>
        </test-method> <!-- closebrowser -->
        <test-method status="PASS" signature="setUp()[pri:0, instance:com.test.AssertionValidation@5a8e6209]" name="setUp" is-config="true" duration-ms="5740" started-at="2019-09-27T17:32:22 IST" finished-at="2019-09-27T17:32:28 IST">
          <reporter-output>
          </reporter-output>
        </test-method> <!-- setUp -->
        <test-method status="PASS" signature="testGoogleLogo()[pri:1, instance:com.test.AssertionValidation@5a8e6209]" name="testGoogleLogo" duration-ms="155" started-at="2019-09-27T17:32:28 IST" finished-at="2019-09-27T17:32:28 IST">
          <reporter-output>
          </reporter-output>
        </test-method> <!-- testGoogleLogo -->
        <test-method status="PASS" signature="closebrowser()[pri:0, instance:com.test.AssertionValidation@5a8e6209]" name="closebrowser" is-config="true" duration-ms="2204" started-at="2019-09-27T17:32:28 IST" finished-at="2019-09-27T17:32:30 IST">
          <reporter-output>
          </reporter-output>
        </test-method> <!-- closebrowser -->
      </class> <!-- com.test.AssertionValidation -->
      <class name="com.test.GoogleTest">
        <test-method status="PASS" signature="setUp()[pri:0, instance:com.test.GoogleTest@4b4523f8]" name="setUp" is-config="true" duration-ms="5801" started-at="2019-09-27T17:32:30 IST" finished-at="2019-09-27T17:32:36 IST">
          <reporter-output>
          </reporter-output>
        </test-method> <!-- setUp -->
        <test-method status="PASS" signature="testGoogleLogo()[pri:1, instance:com.test.GoogleTest@4b4523f8]" name="testGoogleLogo" duration-ms="86" started-at="2019-09-27T17:32:36 IST" finished-at="2019-09-27T17:32:36 IST">
          <reporter-output>
          </reporter-output>
        </test-method> <!-- testGoogleLogo -->
        <test-method status="PASS" signature="tearDown()[pri:0, instance:com.test.GoogleTest@4b4523f8]" name="tearDown" is-config="true" duration-ms="2141" started-at="2019-09-27T17:32:36 IST" finished-at="2019-09-27T17:32:38 IST">
          <reporter-output>
          </reporter-output>
        </test-method> <!-- tearDown -->
        <test-method status="PASS" signature="setUp()[pri:0, instance:com.test.GoogleTest@4b4523f8]" name="setUp" is-config="true" duration-ms="6096" started-at="2019-09-27T17:32:38 IST" finished-at="2019-09-27T17:32:44 IST">
          <reporter-output>
          </reporter-output>
        </test-method> <!-- setUp -->
        <test-method status="PASS" signature="googleTitleTest()[pri:2, instance:com.test.GoogleTest@4b4523f8]" name="googleTitleTest" duration-ms="21" started-at="2019-09-27T17:32:44 IST" finished-at="2019-09-27T17:32:44 IST">
          <reporter-output>
          </reporter-output>
        </test-method> <!-- googleTitleTest -->
        <test-method status="PASS" signature="tearDown()[pri:0, instance:com.test.GoogleTest@4b4523f8]" name="tearDown" is-config="true" duration-ms="826" started-at="2019-09-27T17:32:44 IST" finished-at="2019-09-27T17:32:45 IST">
          <reporter-output>
          </reporter-output>
        </test-method> <!-- tearDown -->
        <test-method status="PASS" signature="setUp()[pri:0, instance:com.test.GoogleTest@4b4523f8]" name="setUp" is-config="true" duration-ms="5949" started-at="2019-09-27T17:32:45 IST" finished-at="2019-09-27T17:32:51 IST">
          <reporter-output>
          </reporter-output>
        </test-method> <!-- setUp -->
        <test-method status="PASS" signature="test2()[pri:3, instance:com.test.GoogleTest@4b4523f8]" name="test2" duration-ms="2" started-at="2019-09-27T17:32:51 IST" finished-at="2019-09-27T17:32:51 IST">
          <reporter-output>
          </reporter-output>
        </test-method> <!-- test2 -->
        <test-method status="PASS" signature="tearDown()[pri:0, instance:com.test.GoogleTest@4b4523f8]" name="tearDown" is-config="true" duration-ms="2351" started-at="2019-09-27T17:32:51 IST" finished-at="2019-09-27T17:32:53 IST">
          <reporter-output>
          </reporter-output>
        </test-method> <!-- tearDown -->
        <test-method status="PASS" signature="setUp()[pri:0, instance:com.test.GoogleTest@4b4523f8]" name="setUp" is-config="true" duration-ms="6097" started-at="2019-09-27T17:32:53 IST" finished-at="2019-09-27T17:32:59 IST">
          <reporter-output>
          </reporter-output>
        </test-method> <!-- setUp -->
        <test-method status="PASS" signature="test1()[pri:4, instance:com.test.GoogleTest@4b4523f8]" name="test1" duration-ms="3" started-at="2019-09-27T17:32:59 IST" finished-at="2019-09-27T17:32:59 IST">
          <reporter-output>
          </reporter-output>
        </test-method> <!-- test1 -->
        <test-method status="PASS" signature="tearDown()[pri:0, instance:com.test.GoogleTest@4b4523f8]" name="tearDown" is-config="true" duration-ms="883" started-at="2019-09-27T17:32:59 IST" finished-at="2019-09-27T17:33:00 IST">
          <reporter-output>
          </reporter-output>
        </test-method> <!-- tearDown -->
        <test-method status="PASS" signature="setUp()[pri:0, instance:com.test.GoogleTest@4b4523f8]" name="setUp" is-config="true" duration-ms="5916" started-at="2019-09-27T17:33:00 IST" finished-at="2019-09-27T17:33:06 IST">
          <reporter-output>
          </reporter-output>
        </test-method> <!-- setUp -->
        <test-method status="PASS" signature="test3()[pri:5, instance:com.test.GoogleTest@4b4523f8]" name="test3" duration-ms="2" started-at="2019-09-27T17:33:06 IST" finished-at="2019-09-27T17:33:06 IST">
          <reporter-output>
          </reporter-output>
        </test-method> <!-- test3 -->
        <test-method status="PASS" signature="tearDown()[pri:0, instance:com.test.GoogleTest@4b4523f8]" name="tearDown" is-config="true" duration-ms="2154" started-at="2019-09-27T17:33:06 IST" finished-at="2019-09-27T17:33:08 IST">
          <reporter-output>
          </reporter-output>
        </test-method> <!-- tearDown -->
      </class> <!-- com.test.GoogleTest -->
      <class name="com.test.TestNgBasic">
        <test-method status="PASS" signature="setUp()[pri:0, instance:com.test.TestNgBasic@3b0143d3]" name="setUp" is-config="true" duration-ms="26" started-at="2019-09-27T17:32:13 IST" finished-at="2019-09-27T17:32:13 IST">
          <reporter-output>
          </reporter-output>
        </test-method> <!-- setUp -->
        <test-method status="PASS" signature="launchBrowser()[pri:0, instance:com.test.TestNgBasic@3b0143d3]" name="launchBrowser" is-config="true" duration-ms="1" started-at="2019-09-27T17:32:13 IST" finished-at="2019-09-27T17:32:13 IST">
          <reporter-output>
          </reporter-output>
        </test-method> <!-- launchBrowser -->
        <test-method status="PASS" signature="login()[pri:0, instance:com.test.TestNgBasic@3b0143d3]" name="login" is-config="true" duration-ms="1" started-at="2019-09-27T17:33:08 IST" finished-at="2019-09-27T17:33:08 IST">
          <reporter-output>
          </reporter-output>
        </test-method> <!-- login -->
        <test-method status="PASS" signature="enterURL()[pri:0, instance:com.test.TestNgBasic@3b0143d3]" name="enterURL" is-config="true" duration-ms="0" started-at="2019-09-27T17:33:08 IST" finished-at="2019-09-27T17:33:08 IST">
          <reporter-output>
          </reporter-output>
        </test-method> <!-- enterURL -->
        <test-method status="PASS" signature="googleTitletest()[pri:0, instance:com.test.TestNgBasic@3b0143d3]" name="googleTitletest" duration-ms="3" started-at="2019-09-27T17:33:08 IST" finished-at="2019-09-27T17:33:08 IST">
          <reporter-output>
          </reporter-output>
        </test-method> <!-- googleTitletest -->
        <test-method status="PASS" signature="logOut()[pri:0, instance:com.test.TestNgBasic@3b0143d3]" name="logOut" is-config="true" duration-ms="1" started-at="2019-09-27T17:33:08 IST" finished-at="2019-09-27T17:33:08 IST">
          <reporter-output>
          </reporter-output>
        </test-method> <!-- logOut -->
        <test-method status="PASS" signature="enterURL()[pri:0, instance:com.test.TestNgBasic@3b0143d3]" name="enterURL" is-config="true" duration-ms="2" started-at="2019-09-27T17:33:08 IST" finished-at="2019-09-27T17:33:08 IST">
          <reporter-output>
          </reporter-output>
        </test-method> <!-- enterURL -->
        <test-method status="PASS" signature="googlelogotest()[pri:0, instance:com.test.TestNgBasic@3b0143d3]" name="googlelogotest" duration-ms="5" started-at="2019-09-27T17:33:08 IST" finished-at="2019-09-27T17:33:08 IST">
          <reporter-output>
          </reporter-output>
        </test-method> <!-- googlelogotest -->
        <test-method status="PASS" signature="logOut()[pri:0, instance:com.test.TestNgBasic@3b0143d3]" name="logOut" is-config="true" duration-ms="1" started-at="2019-09-27T17:33:08 IST" finished-at="2019-09-27T17:33:08 IST">
          <reporter-output>
          </reporter-output>
        </test-method> <!-- logOut -->
        <test-method status="PASS" signature="enterURL()[pri:0, instance:com.test.TestNgBasic@3b0143d3]" name="enterURL" is-config="true" duration-ms="1" started-at="2019-09-27T17:33:08 IST" finished-at="2019-09-27T17:33:08 IST">
          <reporter-output>
          </reporter-output>
        </test-method> <!-- enterURL -->
        <test-method status="PASS" signature="searchtestcase()[pri:0, instance:com.test.TestNgBasic@3b0143d3]" name="searchtestcase" duration-ms="2" started-at="2019-09-27T17:33:08 IST" finished-at="2019-09-27T17:33:08 IST">
          <reporter-output>
          </reporter-output>
        </test-method> <!-- searchtestcase -->
        <test-method status="PASS" signature="logOut()[pri:0, instance:com.test.TestNgBasic@3b0143d3]" name="logOut" is-config="true" duration-ms="1" started-at="2019-09-27T17:33:08 IST" finished-at="2019-09-27T17:33:08 IST">
          <reporter-output>
          </reporter-output>
        </test-method> <!-- logOut -->
        <test-method status="PASS" signature="closeBrowser()[pri:0, instance:com.test.TestNgBasic@3b0143d3]" name="closeBrowser" is-config="true" duration-ms="1" started-at="2019-09-27T17:33:08 IST" finished-at="2019-09-27T17:33:08 IST">
          <reporter-output>
          </reporter-output>
        </test-method> <!-- closeBrowser -->
        <test-method status="PASS" signature="deleterAlltheCookies()[pri:0, instance:com.test.TestNgBasic@3b0143d3]" name="deleterAlltheCookies" is-config="true" duration-ms="1" started-at="2019-09-27T17:33:08 IST" finished-at="2019-09-27T17:33:08 IST">
          <reporter-output>
          </reporter-output>
        </test-method> <!-- deleterAlltheCookies -->
      </class> <!-- com.test.TestNgBasic -->
    </test> <!-- Different TestNg Feature Name -->
  </suite> <!-- TestNg Automation Suite -->
</testng-results>
